<?xml version="1.0" encoding="UTF-8"?>
<!-- Generated by org.testng.reporters.JUnitXMLReporter -->
<testsuite ignored="0" hostname="JACK-PC" failures="0" tests="9" name="Default test" time="5.229" errors="0" timestamp="2022-03-23T01:46:21 ICT">
  <testcase classname="test.TestFavoriteDAO" name="testDelete1" time="3.207"/>
  <testcase classname="test.TestFavoriteDAO" name="testDelete2" time="0.475"/>
  <testcase classname="test.TestFavoriteDAO" name="testDelete3" time="0.296"/>
  <testcase classname="test.TestFavoriteDAO" name="testInsert1" time="0.291"/>
  <testcase classname="test.TestFavoriteDAO" name="testInsert2" time="0.235"/>
  <testcase classname="test.TestFavoriteDAO" name="testInsert3" time="0.179"/>
  <testcase classname="test.TestFavoriteDAO" name="testUpdate1" time="0.161"/>
  <testcase classname="test.TestFavoriteDAO" name="testUpdate2" time="0.16"/>
  <testcase classname="test.TestFavoriteDAO" name="testUpdate3" time="0.145"/>
</testsuite> <!-- Default test -->
