<?xml version="1.0" encoding="UTF-8"?>
<!-- Generated by org.testng.reporters.JUnitXMLReporter -->
<testsuite ignored="0" hostname="JACK-PC" failures="0" tests="4" name="Default test" time="23.625" errors="0" timestamp="2022-04-07T14:47:32 ICT">
  <testcase classname="test.TestRegistrationServlet" name="testRegistration" time="3.418"/>
  <testcase classname="test.TestRegistrationServlet" name="testRegistration" time="2.63"/>
  <testcase classname="test.TestRegistrationServlet" name="testRegistration" time="2.557"/>
  <testcase classname="test.TestRegistrationServlet" name="testRegistration" time="2.397"/>
</testsuite> <!-- Default test -->
